{"$message_type":"diagnostic","message":"cannot find type `IMarshal` in module `windows_core::imp`","code":{"code":"E0412","explanation":"A used type name is not in scope.\n\nErroneous code examples:\n\n```compile_fail,E0412\nimpl Something {} // error: type name `Something` is not in scope\n\n// or:\n\ntrait Foo {\n    fn bar(N); // error: type name `N` is not in scope\n}\n\n// or:\n\nfn foo(x: T) {} // type name `T` is not in scope\n```\n\nTo fix this error, please verify you didn't misspell the type name, you did\ndeclare it or imported it into the scope. Examples:\n\n```\nstruct Something;\n\nimpl Something {} // ok!\n\n// or:\n\ntrait Foo {\n    type N;\n\n    fn bar(_: Self::N); // ok!\n}\n\n// or:\n\nfn foo<T>(x: T) {} // ok!\n```\n\nAnother case that causes this error is when a type is imported into a parent\nmodule. To fix this, you can follow the suggestion and use File directly or\n`use super::File;` which will import the types from the parent namespace. An\nexample that causes this error is below:\n\n```compile_fail,E0412\nuse std::fs::File;\n\nmod foo {\n    fn some_function(f: File) {}\n}\n```\n\n```\nuse std::fs::File;\n\nmod foo {\n    // either\n    use super::File;\n    // or\n    // use std::fs::File;\n    fn foo(f: File) {}\n}\n# fn main() {} // don't insert it for us; that'll break imports\n```\n"},"level":"error","spans":[{"file_name":"/home/runner/.cargo/registry/src/index.crates.io-1949cf8c6b5b557f/windows-future-0.3.2/src/bindings.rs","byte_start":3145,"byte_end":3153,"line_start":87,"line_end":87,"column_start":51,"column_end":59,"is_primary":true,"text":[{"text":"            } else if *iid == <windows_core::imp::IMarshal as windows_core::Interface>::IID {","highlight_start":51,"highlight_end":59}],"label":"not found in `windows_core::imp`","suggested_replacement":null,"suggestion_applicability":null,"expansion":null}],"children":[],"rendered":"/home/runner/.cargo/registry/src/index.crates.io-1949cf8c6b5b557f/windows-future-0.3.2/src/bindings.rs:87:51: \u001b[1m\u001b[91merror[E0412]\u001b[0m: cannot find type `IMarshal` in module `windows_core::imp`: not found in `windows_core::imp`\n"}
{"$message_type":"diagnostic","message":"cannot find function `marshaler` in module `windows_core::imp`","code":{"code":"E0425","explanation":"An unresolved name was used.\n\nErroneous code examples:\n\n```compile_fail,E0425\nsomething_that_doesnt_exist::foo;\n// error: unresolved name `something_that_doesnt_exist::foo`\n\n// or:\n\ntrait Foo {\n    fn bar() {\n        Self; // error: unresolved name `Self`\n    }\n}\n\n// or:\n\nlet x = unknown_variable;  // error: unresolved name `unknown_variable`\n```\n\nPlease verify that the name wasn't misspelled and ensure that the\nidentifier being referred to is valid for the given situation. Example:\n\n```\nenum something_that_does_exist {\n    Foo,\n}\n```\n\nOr:\n\n```\nmod something_that_does_exist {\n    pub static foo : i32 = 0i32;\n}\n\nsomething_that_does_exist::foo; // ok!\n```\n\nOr:\n\n```\nlet unknown_variable = 12u32;\nlet x = unknown_variable; // ok!\n```\n\nIf the item is not defined in the current module, it must be imported using a\n`use` statement, like so:\n\n```\n# mod foo { pub fn bar() {} }\n# fn main() {\nuse foo::bar;\nbar();\n# }\n```\n\nIf the item you are importing is not defined in some super-module of the\ncurrent module, then it must also be declared as public (e.g., `pub fn`).\n"},"level":"error","spans":[{"file_name":"/home/runner/.cargo/registry/src/index.crates.io-1949cf8c6b5b557f/windows-future-0.3.2/src/bindings.rs","byte_start":3272,"byte_end":3281,"line_start":89,"line_end":89,"column_start":43,"column_end":52,"is_primary":true,"text":[{"text":"                return windows_core::imp::marshaler(","highlight_start":43,"highlight_end":52}],"label":"not found in `windows_core::imp`","suggested_replacement":null,"suggestion_applicability":null,"expansion":null}],"children":[],"rendered":"/home/runner/.cargo/registry/src/index.crates.io-1949cf8c6b5b557f/windows-future-0.3.2/src/bindings.rs:89:43: \u001b[1m\u001b[91merror[E0425]\u001b[0m: cannot find function `marshaler` in module `windows_core::imp`: not found in `windows_core::imp`\n"}
{"$message_type":"diagnostic","message":"cannot find type `IMarshal` in module `windows_core::imp`","code":{"code":"E0412","explanation":"A used type name is not in scope.\n\nErroneous code examples:\n\n```compile_fail,E0412\nimpl Something {} // error: type name `Something` is not in scope\n\n// or:\n\ntrait Foo {\n    fn bar(N); // error: type name `N` is not in scope\n}\n\n// or:\n\nfn foo(x: T) {} // type name `T` is not in scope\n```\n\nTo fix this error, please verify you didn't misspell the type name, you did\ndeclare it or imported it into the scope. Examples:\n\n```\nstruct Something;\n\nimpl Something {} // ok!\n\n// or:\n\ntrait Foo {\n    type N;\n\n    fn bar(_: Self::N); // ok!\n}\n\n// or:\n\nfn foo<T>(x: T) {} // ok!\n```\n\nAnother case that causes this error is when a type is imported into a parent\nmodule. To fix this, you can follow the suggestion and use File directly or\n`use super::File;` which will import the types from the parent namespace. An\nexample that causes this error is below:\n\n```compile_fail,E0412\nuse std::fs::File;\n\nmod foo {\n    fn some_function(f: File) {}\n}\n```\n\n```\nuse std::fs::File;\n\nmod foo {\n    // either\n    use super::File;\n    // or\n    // use std::fs::File;\n    fn foo(f: File) {}\n}\n# fn main() {} // don't insert it for us; that'll break imports\n```\n"},"level":"error","spans":[{"file_name":"/home/runner/.cargo/registry/src/index.crates.io-1949cf8c6b5b557f/windows-future-0.3.2/src/bindings.rs","byte_start":9309,"byte_end":9317,"line_start":255,"line_end":255,"column_start":51,"column_end":59,"is_primary":true,"text":[{"text":"            } else if *iid == <windows_core::imp::IMarshal as windows_core::Interface>::IID {","highlight_start":51,"highlight_end":59}],"label":"not found in `windows_core::imp`","suggested_replacement":null,"suggestion_applicability":null,"expansion":null}],"children":[],"rendered":"/home/runner/.cargo/registry/src/index.crates.io-1949cf8c6b5b557f/windows-future-0.3.2/src/bindings.rs:255:51: \u001b[1m\u001b[91merror[E0412]\u001b[0m: cannot find type `IMarshal` in module `windows_core::imp`: not found in `windows_core::imp`\n"}
{"$message_type":"diagnostic","message":"cannot find function `marshaler` in module `windows_core::imp`","code":{"code":"E0425","explanation":"An unresolved name was used.\n\nErroneous code examples:\n\n```compile_fail,E0425\nsomething_that_doesnt_exist::foo;\n// error: unresolved name `something_that_doesnt_exist::foo`\n\n// or:\n\ntrait Foo {\n    fn bar() {\n        Self; // error: unresolved name `Self`\n    }\n}\n\n// or:\n\nlet x = unknown_variable;  // error: unresolved name `unknown_variable`\n```\n\nPlease verify that the name wasn't misspelled and ensure that the\nidentifier being referred to is valid for the given situation. Example:\n\n```\nenum something_that_does_exist {\n    Foo,\n}\n```\n\nOr:\n\n```\nmod something_that_does_exist {\n    pub static foo : i32 = 0i32;\n}\n\nsomething_that_does_exist::foo; // ok!\n```\n\nOr:\n\n```\nlet unknown_variable = 12u32;\nlet x = unknown_variable; // ok!\n```\n\nIf the item is not defined in the current module, it must be imported using a\n`use` statement, like so:\n\n```\n# mod foo { pub fn bar() {} }\n# fn main() {\nuse foo::bar;\nbar();\n# }\n```\n\nIf the item you are importing is not defined in some super-module of the\ncurrent module, then it must also be declared as public (e.g., `pub fn`).\n"},"level":"error","spans":[{"file_name":"/home/runner/.cargo/registry/src/index.crates.io-1949cf8c6b5b557f/windows-future-0.3.2/src/bindings.rs","byte_start":9436,"byte_end":9445,"line_start":257,"line_end":257,"column_start":43,"column_end":52,"is_primary":true,"text":[{"text":"                return windows_core::imp::marshaler(","highlight_start":43,"highlight_end":52}],"label":"not found in `windows_core::imp`","suggested_replacement":null,"suggestion_applicability":null,"expansion":null}],"children":[],"rendered":"/home/runner/.cargo/registry/src/index.crates.io-1949cf8c6b5b557f/windows-future-0.3.2/src/bindings.rs:257:43: \u001b[1m\u001b[91merror[E0425]\u001b[0m: cannot find function `marshaler` in module `windows_core::imp`: not found in `windows_core::imp`\n"}
{"$message_type":"diagnostic","message":"cannot find type `IMarshal` in module `windows_core::imp`","code":{"code":"E0412","explanation":"A used type name is not in scope.\n\nErroneous code examples:\n\n```compile_fail,E0412\nimpl Something {} // error: type name `Something` is not in scope\n\n// or:\n\ntrait Foo {\n    fn bar(N); // error: type name `N` is not in scope\n}\n\n// or:\n\nfn foo(x: T) {} // type name `T` is not in scope\n```\n\nTo fix this error, please verify you didn't misspell the type name, you did\ndeclare it or imported it into the scope. Examples:\n\n```\nstruct Something;\n\nimpl Something {} // ok!\n\n// or:\n\ntrait Foo {\n    type N;\n\n    fn bar(_: Self::N); // ok!\n}\n\n// or:\n\nfn foo<T>(x: T) {} // ok!\n```\n\nAnother case that causes this error is when a type is imported into a parent\nmodule. To fix this, you can follow the suggestion and use File directly or\n`use super::File;` which will import the types from the parent namespace. An\nexample that causes this error is below:\n\n```compile_fail,E0412\nuse std::fs::File;\n\nmod foo {\n    fn some_function(f: File) {}\n}\n```\n\n```\nuse std::fs::File;\n\nmod foo {\n    // either\n    use super::File;\n    // or\n    // use std::fs::File;\n    fn foo(f: File) {}\n}\n# fn main() {} // don't insert it for us; that'll break imports\n```\n"},"level":"error","spans":[{"file_name":"/home/runner/.cargo/registry/src/index.crates.io-1949cf8c6b5b557f/windows-future-0.3.2/src/bindings.rs","byte_start":15576,"byte_end":15584,"line_start":422,"line_end":422,"column_start":364,"column_end":372,"is_primary":true,"text":[{"text":"            * interface = if * iid == < AsyncActionWithProgressCompletedHandler < TProgress > as windows_core::Interface >::IID || * iid == < windows_core::IUnknown as windows_core::Interface >::IID || * iid == < windows_core::imp::IAgileObject as windows_core::Interface >::IID { & mut ( * this ) . vtable as * mut _ as _ } else if * iid == < windows_core::imp::IMarshal as windows_core::Interface >::IID { ( * this ) . count . add_ref ( ) ; return windows_core::imp::marshaler ( core::mem::transmute ( & mut ( * this ) . vtable as * mut _ as * mut core::ffi::c_void ) , interface ) ; } else { core::ptr::null_mut ( ) } ;","highlight_start":364,"highlight_end":372}],"label":"not found in `windows_core::imp`","suggested_replacement":null,"suggestion_applicability":null,"expansion":null}],"children":[],"rendered":"/home/runner/.cargo/registry/src/index.crates.io-1949cf8c6b5b557f/windows-future-0.3.2/src/bindings.rs:422:364: \u001b[1m\u001b[91merror[E0412]\u001b[0m: cannot find type `IMarshal` in module `windows_core::imp`: not found in `windows_core::imp`\n"}
{"$message_type":"diagnostic","message":"cannot find function `marshaler` in module `windows_core::imp`","code":{"code":"E0425","explanation":"An unresolved name was used.\n\nErroneous code examples:\n\n```compile_fail,E0425\nsomething_that_doesnt_exist::foo;\n// error: unresolved name `something_that_doesnt_exist::foo`\n\n// or:\n\ntrait Foo {\n    fn bar() {\n        Self; // error: unresolved name `Self`\n    }\n}\n\n// or:\n\nlet x = unknown_variable;  // error: unresolved name `unknown_variable`\n```\n\nPlease verify that the name wasn't misspelled and ensure that the\nidentifier being referred to is valid for the given situation. Example:\n\n```\nenum something_that_does_exist {\n    Foo,\n}\n```\n\nOr:\n\n```\nmod something_that_does_exist {\n    pub static foo : i32 = 0i32;\n}\n\nsomething_that_does_exist::foo; // ok!\n```\n\nOr:\n\n```\nlet unknown_variable = 12u32;\nlet x = unknown_variable; // ok!\n```\n\nIf the item is not defined in the current module, it must be imported using a\n`use` statement, like so:\n\n```\n# mod foo { pub fn bar() {} }\n# fn main() {\nuse foo::bar;\nbar();\n# }\n```\n\nIf the item you are importing is not defined in some super-module of the\ncurrent module, then it must also be declared as public (e.g., `pub fn`).\n"},"level":"error","spans":[{"file_name":"/home/runner/.cargo/registry/src/index.crates.io-1949cf8c6b5b557f/windows-future-0.3.2/src/bindings.rs","byte_start":15682,"byte_end":15691,"line_start":422,"line_end":422,"column_start":470,"column_end":479,"is_primary":true,"text":[{"text":"            * interface = if * iid == < AsyncActionWithProgressCompletedHandler < TProgress > as windows_core::Interface >::IID || * iid == < windows_core::IUnknown as windows_core::Interface >::IID || * iid == < windows_core::imp::IAgileObject as windows_core::Interface >::IID { & mut ( * this ) . vtable as * mut _ as _ } else if * iid == < windows_core::imp::IMarshal as windows_core::Interface >::IID { ( * this ) . count . add_ref ( ) ; return windows_core::imp::marshaler ( core::mem::transmute ( & mut ( * this ) . vtable as * mut _ as * mut core::ffi::c_void ) , interface ) ; } else { core::ptr::null_mut ( ) } ;","highlight_start":470,"highlight_end":479}],"label":"not found in `windows_core::imp`","suggested_replacement":null,"suggestion_applicability":null,"expansion":null}],"children":[],"rendered":"/home/runner/.cargo/registry/src/index.crates.io-1949cf8c6b5b557f/windows-future-0.3.2/src/bindings.rs:422:470: \u001b[1m\u001b[91merror[E0425]\u001b[0m: cannot find function `marshaler` in module `windows_core::imp`: not found in `windows_core::imp`\n"}
{"$message_type":"diagnostic","message":"cannot find type `IMarshal` in module `windows_core::imp`","code":{"code":"E0412","explanation":"A used type name is not in scope.\n\nErroneous code examples:\n\n```compile_fail,E0412\nimpl Something {} // error: type name `Something` is not in scope\n\n// or:\n\ntrait Foo {\n    fn bar(N); // error: type name `N` is not in scope\n}\n\n// or:\n\nfn foo(x: T) {} // type name `T` is not in scope\n```\n\nTo fix this error, please verify you didn't misspell the type name, you did\ndeclare it or imported it into the scope. Examples:\n\n```\nstruct Something;\n\nimpl Something {} // ok!\n\n// or:\n\ntrait Foo {\n    type N;\n\n    fn bar(_: Self::N); // ok!\n}\n\n// or:\n\nfn foo<T>(x: T) {} // ok!\n```\n\nAnother case that causes this error is when a type is imported into a parent\nmodule. To fix this, you can follow the suggestion and use File directly or\n`use super::File;` which will import the types from the parent namespace. An\nexample that causes this error is below:\n\n```compile_fail,E0412\nuse std::fs::File;\n\nmod foo {\n    fn some_function(f: File) {}\n}\n```\n\n```\nuse std::fs::File;\n\nmod foo {\n    // either\n    use super::File;\n    // or\n    // use std::fs::File;\n    fn foo(f: File) {}\n}\n# fn main() {} // don't insert it for us; that'll break imports\n```\n"},"level":"error","spans":[{"file_name":"/home/runner/.cargo/registry/src/index.crates.io-1949cf8c6b5b557f/windows-future-0.3.2/src/bindings.rs","byte_start":21342,"byte_end":21350,"line_start":572,"line_end":572,"column_start":51,"column_end":59,"is_primary":true,"text":[{"text":"            } else if *iid == <windows_core::imp::IMarshal as windows_core::Interface>::IID {","highlight_start":51,"highlight_end":59}],"label":"not found in `windows_core::imp`","suggested_replacement":null,"suggestion_applicability":null,"expansion":null}],"children":[],"rendered":"/home/runner/.cargo/registry/src/index.crates.io-1949cf8c6b5b557f/windows-future-0.3.2/src/bindings.rs:572:51: \u001b[1m\u001b[91merror[E0412]\u001b[0m: cannot find type `IMarshal` in module `windows_core::imp`: not found in `windows_core::imp`\n"}
{"$message_type":"diagnostic","message":"cannot find function `marshaler` in module `windows_core::imp`","code":{"code":"E0425","explanation":"An unresolved name was used.\n\nErroneous code examples:\n\n```compile_fail,E0425\nsomething_that_doesnt_exist::foo;\n// error: unresolved name `something_that_doesnt_exist::foo`\n\n// or:\n\ntrait Foo {\n    fn bar() {\n        Self; // error: unresolved name `Self`\n    }\n}\n\n// or:\n\nlet x = unknown_variable;  // error: unresolved name `unknown_variable`\n```\n\nPlease verify that the name wasn't misspelled and ensure that the\nidentifier being referred to is valid for the given situation. Example:\n\n```\nenum something_that_does_exist {\n    Foo,\n}\n```\n\nOr:\n\n```\nmod something_that_does_exist {\n    pub static foo : i32 = 0i32;\n}\n\nsomething_that_does_exist::foo; // ok!\n```\n\nOr:\n\n```\nlet unknown_variable = 12u32;\nlet x = unknown_variable; // ok!\n```\n\nIf the item is not defined in the current module, it must be imported using a\n`use` statement, like so:\n\n```\n# mod foo { pub fn bar() {} }\n# fn main() {\nuse foo::bar;\nbar();\n# }\n```\n\nIf the item you are importing is not defined in some super-module of the\ncurrent module, then it must also be declared as public (e.g., `pub fn`).\n"},"level":"error","spans":[{"file_name":"/home/runner/.cargo/registry/src/index.crates.io-1949cf8c6b5b557f/windows-future-0.3.2/src/bindings.rs","byte_start":21469,"byte_end":21478,"line_start":574,"line_end":574,"column_start":43,"column_end":52,"is_primary":true,"text":[{"text":"                return windows_core::imp::marshaler(","highlight_start":43,"highlight_end":52}],"label":"not found in `windows_core::imp`","suggested_replacement":null,"suggestion_applicability":null,"expansion":null}],"children":[],"rendered":"/home/runner/.cargo/registry/src/index.crates.io-1949cf8c6b5b557f/windows-future-0.3.2/src/bindings.rs:574:43: \u001b[1m\u001b[91merror[E0425]\u001b[0m: cannot find function `marshaler` in module `windows_core::imp`: not found in `windows_core::imp`\n"}
{"$message_type":"diagnostic","message":"cannot find type `IMarshal` in module `windows_core::imp`","code":{"code":"E0412","explanation":"A used type name is not in scope.\n\nErroneous code examples:\n\n```compile_fail,E0412\nimpl Something {} // error: type name `Something` is not in scope\n\n// or:\n\ntrait Foo {\n    fn bar(N); // error: type name `N` is not in scope\n}\n\n// or:\n\nfn foo(x: T) {} // type name `T` is not in scope\n```\n\nTo fix this error, please verify you didn't misspell the type name, you did\ndeclare it or imported it into the scope. Examples:\n\n```\nstruct Something;\n\nimpl Something {} // ok!\n\n// or:\n\ntrait Foo {\n    type N;\n\n    fn bar(_: Self::N); // ok!\n}\n\n// or:\n\nfn foo<T>(x: T) {} // ok!\n```\n\nAnother case that causes this error is when a type is imported into a parent\nmodule. To fix this, you can follow the suggestion and use File directly or\n`use super::File;` which will import the types from the parent namespace. An\nexample that causes this error is below:\n\n```compile_fail,E0412\nuse std::fs::File;\n\nmod foo {\n    fn some_function(f: File) {}\n}\n```\n\n```\nuse std::fs::File;\n\nmod foo {\n    // either\n    use super::File;\n    // or\n    // use std::fs::File;\n    fn foo(f: File) {}\n}\n# fn main() {} // don't insert it for us; that'll break imports\n```\n"},"level":"error","spans":[{"file_name":"/home/runner/.cargo/registry/src/index.crates.io-1949cf8c6b5b557f/windows-future-0.3.2/src/bindings.rs","byte_start":28269,"byte_end":28277,"line_start":752,"line_end":752,"column_start":364,"column_end":372,"is_primary":true,"text":[{"text":"            * interface = if * iid == < AsyncOperationProgressHandler < TResult , TProgress > as windows_core::Interface >::IID || * iid == < windows_core::IUnknown as windows_core::Interface >::IID || * iid == < windows_core::imp::IAgileObject as windows_core::Interface >::IID { & mut ( * this ) . vtable as * mut _ as _ } else if * iid == < windows_core::imp::IMarshal as windows_core::Interface >::IID { ( * this ) . count . add_ref ( ) ; return windows_core::imp::marshaler ( core::mem::transmute ( & mut ( * this ) . vtable as * mut _ as * mut core::ffi::c_void ) , interface ) ; } else { core::ptr::null_mut ( ) } ;","highlight_start":364,"highlight_end":372}],"label":"not found in `windows_core::imp`","suggested_replacement":null,"suggestion_applicability":null,"expansion":null}],"children":[],"rendered":"/home/runner/.cargo/registry/src/index.crates.io-1949cf8c6b5b557f/windows-future-0.3.2/src/bindings.rs:752:364: \u001b[1m\u001b[91merror[E0412]\u001b[0m: cannot find type `IMarshal` in module `windows_core::imp`: not found in `windows_core::imp`\n"}
{"$message_type":"diagnostic","message":"cannot find function `marshaler` in module `windows_core::imp`","code":{"code":"E0425","explanation":"An unresolved name was used.\n\nErroneous code examples:\n\n```compile_fail,E0425\nsomething_that_doesnt_exist::foo;\n// error: unresolved name `something_that_doesnt_exist::foo`\n\n// or:\n\ntrait Foo {\n    fn bar() {\n        Self; // error: unresolved name `Self`\n    }\n}\n\n// or:\n\nlet x = unknown_variable;  // error: unresolved name `unknown_variable`\n```\n\nPlease verify that the name wasn't misspelled and ensure that the\nidentifier being referred to is valid for the given situation. Example:\n\n```\nenum something_that_does_exist {\n    Foo,\n}\n```\n\nOr:\n\n```\nmod something_that_does_exist {\n    pub static foo : i32 = 0i32;\n}\n\nsomething_that_does_exist::foo; // ok!\n```\n\nOr:\n\n```\nlet unknown_variable = 12u32;\nlet x = unknown_variable; // ok!\n```\n\nIf the item is not defined in the current module, it must be imported using a\n`use` statement, like so:\n\n```\n# mod foo { pub fn bar() {} }\n# fn main() {\nuse foo::bar;\nbar();\n# }\n```\n\nIf the item you are importing is not defined in some super-module of the\ncurrent module, then it must also be declared as public (e.g., `pub fn`).\n"},"level":"error","spans":[{"file_name":"/home/runner/.cargo/registry/src/index.crates.io-1949cf8c6b5b557f/windows-future-0.3.2/src/bindings.rs","byte_start":28375,"byte_end":28384,"line_start":752,"line_end":752,"column_start":470,"column_end":479,"is_primary":true,"text":[{"text":"            * interface = if * iid == < AsyncOperationProgressHandler < TResult , TProgress > as windows_core::Interface >::IID || * iid == < windows_core::IUnknown as windows_core::Interface >::IID || * iid == < windows_core::imp::IAgileObject as windows_core::Interface >::IID { & mut ( * this ) . vtable as * mut _ as _ } else if * iid == < windows_core::imp::IMarshal as windows_core::Interface >::IID { ( * this ) . count . add_ref ( ) ; return windows_core::imp::marshaler ( core::mem::transmute ( & mut ( * this ) . vtable as * mut _ as * mut core::ffi::c_void ) , interface ) ; } else { core::ptr::null_mut ( ) } ;","highlight_start":470,"highlight_end":479}],"label":"not found in `windows_core::imp`","suggested_replacement":null,"suggestion_applicability":null,"expansion":null}],"children":[],"rendered":"/home/runner/.cargo/registry/src/index.crates.io-1949cf8c6b5b557f/windows-future-0.3.2/src/bindings.rs:752:470: \u001b[1m\u001b[91merror[E0425]\u001b[0m: cannot find function `marshaler` in module `windows_core::imp`: not found in `windows_core::imp`\n"}
{"$message_type":"diagnostic","message":"cannot find type `IMarshal` in module `windows_core::imp`","code":{"code":"E0412","explanation":"A used type name is not in scope.\n\nErroneous code examples:\n\n```compile_fail,E0412\nimpl Something {} // error: type name `Something` is not in scope\n\n// or:\n\ntrait Foo {\n    fn bar(N); // error: type name `N` is not in scope\n}\n\n// or:\n\nfn foo(x: T) {} // type name `T` is not in scope\n```\n\nTo fix this error, please verify you didn't misspell the type name, you did\ndeclare it or imported it into the scope. Examples:\n\n```\nstruct Something;\n\nimpl Something {} // ok!\n\n// or:\n\ntrait Foo {\n    type N;\n\n    fn bar(_: Self::N); // ok!\n}\n\n// or:\n\nfn foo<T>(x: T) {} // ok!\n```\n\nAnother case that causes this error is when a type is imported into a parent\nmodule. To fix this, you can follow the suggestion and use File directly or\n`use super::File;` which will import the types from the parent namespace. An\nexample that causes this error is below:\n\n```compile_fail,E0412\nuse std::fs::File;\n\nmod foo {\n    fn some_function(f: File) {}\n}\n```\n\n```\nuse std::fs::File;\n\nmod foo {\n    // either\n    use super::File;\n    // or\n    // use std::fs::File;\n    fn foo(f: File) {}\n}\n# fn main() {} // don't insert it for us; that'll break imports\n```\n"},"level":"error","spans":[{"file_name":"/home/runner/.cargo/registry/src/index.crates.io-1949cf8c6b5b557f/windows-future-0.3.2/src/bindings.rs","byte_start":35260,"byte_end":35268,"line_start":927,"line_end":927,"column_start":377,"column_end":385,"is_primary":true,"text":[{"text":"            * interface = if * iid == < AsyncOperationWithProgressCompletedHandler < TResult , TProgress > as windows_core::Interface >::IID || * iid == < windows_core::IUnknown as windows_core::Interface >::IID || * iid == < windows_core::imp::IAgileObject as windows_core::Interface >::IID { & mut ( * this ) . vtable as * mut _ as _ } else if * iid == < windows_core::imp::IMarshal as windows_core::Interface >::IID { ( * this ) . count . add_ref ( ) ; return windows_core::imp::marshaler ( core::mem::transmute ( & mut ( * this ) . vtable as * mut _ as * mut core::ffi::c_void ) , interface ) ; } else { core::ptr::null_mut ( ) } ;","highlight_start":377,"highlight_end":385}],"label":"not found in `windows_core::imp`","suggested_replacement":null,"suggestion_applicability":null,"expansion":null}],"children":[],"rendered":"/home/runner/.cargo/registry/src/index.crates.io-1949cf8c6b5b557f/windows-future-0.3.2/src/bindings.rs:927:377: \u001b[1m\u001b[91merror[E0412]\u001b[0m: cannot find type `IMarshal` in module `windows_core::imp`: not found in `windows_core::imp`\n"}
{"$message_type":"diagnostic","message":"cannot find function `marshaler` in module `windows_core::imp`","code":{"code":"E0425","explanation":"An unresolved name was used.\n\nErroneous code examples:\n\n```compile_fail,E0425\nsomething_that_doesnt_exist::foo;\n// error: unresolved name `something_that_doesnt_exist::foo`\n\n// or:\n\ntrait Foo {\n    fn bar() {\n        Self; // error: unresolved name `Self`\n    }\n}\n\n// or:\n\nlet x = unknown_variable;  // error: unresolved name `unknown_variable`\n```\n\nPlease verify that the name wasn't misspelled and ensure that the\nidentifier being referred to is valid for the given situation. Example:\n\n```\nenum something_that_does_exist {\n    Foo,\n}\n```\n\nOr:\n\n```\nmod something_that_does_exist {\n    pub static foo : i32 = 0i32;\n}\n\nsomething_that_does_exist::foo; // ok!\n```\n\nOr:\n\n```\nlet unknown_variable = 12u32;\nlet x = unknown_variable; // ok!\n```\n\nIf the item is not defined in the current module, it must be imported using a\n`use` statement, like so:\n\n```\n# mod foo { pub fn bar() {} }\n# fn main() {\nuse foo::bar;\nbar();\n# }\n```\n\nIf the item you are importing is not defined in some super-module of the\ncurrent module, then it must also be declared as public (e.g., `pub fn`).\n"},"level":"error","spans":[{"file_name":"/home/runner/.cargo/registry/src/index.crates.io-1949cf8c6b5b557f/windows-future-0.3.2/src/bindings.rs","byte_start":35366,"byte_end":35375,"line_start":927,"line_end":927,"column_start":483,"column_end":492,"is_primary":true,"text":[{"text":"            * interface = if * iid == < AsyncOperationWithProgressCompletedHandler < TResult , TProgress > as windows_core::Interface >::IID || * iid == < windows_core::IUnknown as windows_core::Interface >::IID || * iid == < windows_core::imp::IAgileObject as windows_core::Interface >::IID { & mut ( * this ) . vtable as * mut _ as _ } else if * iid == < windows_core::imp::IMarshal as windows_core::Interface >::IID { ( * this ) . count . add_ref ( ) ; return windows_core::imp::marshaler ( core::mem::transmute ( & mut ( * this ) . vtable as * mut _ as * mut core::ffi::c_void ) , interface ) ; } else { core::ptr::null_mut ( ) } ;","highlight_start":483,"highlight_end":492}],"label":"not found in `windows_core::imp`","suggested_replacement":null,"suggestion_applicability":null,"expansion":null}],"children":[],"rendered":"/home/runner/.cargo/registry/src/index.crates.io-1949cf8c6b5b557f/windows-future-0.3.2/src/bindings.rs:927:483: \u001b[1m\u001b[91merror[E0425]\u001b[0m: cannot find function `marshaler` in module `windows_core::imp`: not found in `windows_core::imp`\n"}
{"$message_type":"diagnostic","message":"cannot find function `submit` in crate `windows_threading`","code":{"code":"E0425","explanation":"An unresolved name was used.\n\nErroneous code examples:\n\n```compile_fail,E0425\nsomething_that_doesnt_exist::foo;\n// error: unresolved name `something_that_doesnt_exist::foo`\n\n// or:\n\ntrait Foo {\n    fn bar() {\n        Self; // error: unresolved name `Self`\n    }\n}\n\n// or:\n\nlet x = unknown_variable;  // error: unresolved name `unknown_variable`\n```\n\nPlease verify that the name wasn't misspelled and ensure that the\nidentifier being referred to is valid for the given situation. Example:\n\n```\nenum something_that_does_exist {\n    Foo,\n}\n```\n\nOr:\n\n```\nmod something_that_does_exist {\n    pub static foo : i32 = 0i32;\n}\n\nsomething_that_does_exist::foo; // ok!\n```\n\nOr:\n\n```\nlet unknown_variable = 12u32;\nlet x = unknown_variable; // ok!\n```\n\nIf the item is not defined in the current module, it must be imported using a\n`use` statement, like so:\n\n```\n# mod foo { pub fn bar() {} }\n# fn main() {\nuse foo::bar;\nbar();\n# }\n```\n\nIf the item you are importing is not defined in some super-module of the\ncurrent module, then it must also be declared as public (e.g., `pub fn`).\n"},"level":"error","spans":[{"file_name":"/home/runner/.cargo/registry/src/index.crates.io-1949cf8c6b5b557f/windows-future-0.3.2/src/async_spawn.rs","byte_start":7289,"byte_end":7295,"line_start":264,"line_end":264,"column_start":28,"column_end":34,"is_primary":true,"text":[{"text":"        windows_threading::submit(move || {","highlight_start":28,"highlight_end":34}],"label":"not found in `windows_threading`","suggested_replacement":null,"suggestion_applicability":null,"expansion":null}],"children":[],"rendered":"/home/runner/.cargo/registry/src/index.crates.io-1949cf8c6b5b557f/windows-future-0.3.2/src/async_spawn.rs:264:28: \u001b[1m\u001b[91merror[E0425]\u001b[0m: cannot find function `submit` in crate `windows_threading`: not found in `windows_threading`\n"}
{"$message_type":"diagnostic","message":"cannot find function `submit` in crate `windows_threading`","code":{"code":"E0425","explanation":"An unresolved name was used.\n\nErroneous code examples:\n\n```compile_fail,E0425\nsomething_that_doesnt_exist::foo;\n// error: unresolved name `something_that_doesnt_exist::foo`\n\n// or:\n\ntrait Foo {\n    fn bar() {\n        Self; // error: unresolved name `Self`\n    }\n}\n\n// or:\n\nlet x = unknown_variable;  // error: unresolved name `unknown_variable`\n```\n\nPlease verify that the name wasn't misspelled and ensure that the\nidentifier being referred to is valid for the given situation. Example:\n\n```\nenum something_that_does_exist {\n    Foo,\n}\n```\n\nOr:\n\n```\nmod something_that_does_exist {\n    pub static foo : i32 = 0i32;\n}\n\nsomething_that_does_exist::foo; // ok!\n```\n\nOr:\n\n```\nlet unknown_variable = 12u32;\nlet x = unknown_variable; // ok!\n```\n\nIf the item is not defined in the current module, it must be imported using a\n`use` statement, like so:\n\n```\n# mod foo { pub fn bar() {} }\n# fn main() {\nuse foo::bar;\nbar();\n# }\n```\n\nIf the item you are importing is not defined in some super-module of the\ncurrent module, then it must also be declared as public (e.g., `pub fn`).\n"},"level":"error","spans":[{"file_name":"/home/runner/.cargo/registry/src/index.crates.io-1949cf8c6b5b557f/windows-future-0.3.2/src/async_spawn.rs","byte_start":7791,"byte_end":7797,"line_start":281,"line_end":281,"column_start":28,"column_end":34,"is_primary":true,"text":[{"text":"        windows_threading::submit(move || {","highlight_start":28,"highlight_end":34}],"label":"not found in `windows_threading`","suggested_replacement":null,"suggestion_applicability":null,"expansion":null}],"children":[],"rendered":"/home/runner/.cargo/registry/src/index.crates.io-1949cf8c6b5b557f/windows-future-0.3.2/src/async_spawn.rs:281:28: \u001b[1m\u001b[91merror[E0425]\u001b[0m: cannot find function `submit` in crate `windows_threading`: not found in `windows_threading`\n"}
{"$message_type":"diagnostic","message":"cannot find function `submit` in crate `windows_threading`","code":{"code":"E0425","explanation":"An unresolved name was used.\n\nErroneous code examples:\n\n```compile_fail,E0425\nsomething_that_doesnt_exist::foo;\n// error: unresolved name `something_that_doesnt_exist::foo`\n\n// or:\n\ntrait Foo {\n    fn bar() {\n        Self; // error: unresolved name `Self`\n    }\n}\n\n// or:\n\nlet x = unknown_variable;  // error: unresolved name `unknown_variable`\n```\n\nPlease verify that the name wasn't misspelled and ensure that the\nidentifier being referred to is valid for the given situation. Example:\n\n```\nenum something_that_does_exist {\n    Foo,\n}\n```\n\nOr:\n\n```\nmod something_that_does_exist {\n    pub static foo : i32 = 0i32;\n}\n\nsomething_that_does_exist::foo; // ok!\n```\n\nOr:\n\n```\nlet unknown_variable = 12u32;\nlet x = unknown_variable; // ok!\n```\n\nIf the item is not defined in the current module, it must be imported using a\n`use` statement, like so:\n\n```\n# mod foo { pub fn bar() {} }\n# fn main() {\nuse foo::bar;\nbar();\n# }\n```\n\nIf the item you are importing is not defined in some super-module of the\ncurrent module, then it must also be declared as public (e.g., `pub fn`).\n"},"level":"error","spans":[{"file_name":"/home/runner/.cargo/registry/src/index.crates.io-1949cf8c6b5b557f/windows-future-0.3.2/src/async_spawn.rs","byte_start":8321,"byte_end":8327,"line_start":298,"line_end":298,"column_start":28,"column_end":34,"is_primary":true,"text":[{"text":"        windows_threading::submit(move || {","highlight_start":28,"highlight_end":34}],"label":"not found in `windows_threading`","suggested_replacement":null,"suggestion_applicability":null,"expansion":null}],"children":[],"rendered":"/home/runner/.cargo/registry/src/index.crates.io-1949cf8c6b5b557f/windows-future-0.3.2/src/async_spawn.rs:298:28: \u001b[1m\u001b[91merror[E0425]\u001b[0m: cannot find function `submit` in crate `windows_threading`: not found in `windows_threading`\n"}
{"$message_type":"diagnostic","message":"cannot find function `submit` in crate `windows_threading`","code":{"code":"E0425","explanation":"An unresolved name was used.\n\nErroneous code examples:\n\n```compile_fail,E0425\nsomething_that_doesnt_exist::foo;\n// error: unresolved name `something_that_doesnt_exist::foo`\n\n// or:\n\ntrait Foo {\n    fn bar() {\n        Self; // error: unresolved name `Self`\n    }\n}\n\n// or:\n\nlet x = unknown_variable;  // error: unresolved name `unknown_variable`\n```\n\nPlease verify that the name wasn't misspelled and ensure that the\nidentifier being referred to is valid for the given situation. Example:\n\n```\nenum something_that_does_exist {\n    Foo,\n}\n```\n\nOr:\n\n```\nmod something_that_does_exist {\n    pub static foo : i32 = 0i32;\n}\n\nsomething_that_does_exist::foo; // ok!\n```\n\nOr:\n\n```\nlet unknown_variable = 12u32;\nlet x = unknown_variable; // ok!\n```\n\nIf the item is not defined in the current module, it must be imported using a\n`use` statement, like so:\n\n```\n# mod foo { pub fn bar() {} }\n# fn main() {\nuse foo::bar;\nbar();\n# }\n```\n\nIf the item you are importing is not defined in some super-module of the\ncurrent module, then it must also be declared as public (e.g., `pub fn`).\n"},"level":"error","spans":[{"file_name":"/home/runner/.cargo/registry/src/index.crates.io-1949cf8c6b5b557f/windows-future-0.3.2/src/async_spawn.rs","byte_start":8881,"byte_end":8887,"line_start":315,"line_end":315,"column_start":28,"column_end":34,"is_primary":true,"text":[{"text":"        windows_threading::submit(move || {","highlight_start":28,"highlight_end":34}],"label":"not found in `windows_threading`","suggested_replacement":null,"suggestion_applicability":null,"expansion":null}],"children":[],"rendered":"/home/runner/.cargo/registry/src/index.crates.io-1949cf8c6b5b557f/windows-future-0.3.2/src/async_spawn.rs:315:28: \u001b[1m\u001b[91merror[E0425]\u001b[0m: cannot find function `submit` in crate `windows_threading`: not found in `windows_threading`\n"}
{"$message_type":"diagnostic","message":"aborting due to 16 previous errors","code":null,"level":"error","spans":[],"children":[],"rendered":"\u001b[1m\u001b[91merror\u001b[0m: aborting due to 16 previous errors\n"}
